<?xml version="1.0" encoding="UTF-8"?>
<!-- Generated by org.testng.reporters.JUnitReportReporter -->
<testsuite hostname="sweetu" failures="0" tests="1" name="Selenium.Tests.SubmitOrderTest" time="18.932" errors="0" timestamp="2025-02-10T22:19:45 IST" skipped="0">
  <testcase classname="Selenium.Tests.SubmitOrderTest" name="submitOrder" time="18.932"/>
</testsuite> <!-- Selenium.Tests.SubmitOrderTest -->
