<?xml version="1.0" encoding="UTF-8"?>
<!-- Generated by org.testng.reporters.JUnitReportReporter -->
<testsuite hostname="sweetu" failures="0" tests="1" name="Selenium.Tests.StandAloneTest" time="20.512" errors="0" timestamp="2025-02-11T11:14:58 IST" skipped="0">
  <testcase classname="Selenium.Tests.StandAloneTest" name="submitOrder" time="20.512"/>
</testsuite> <!-- Selenium.Tests.StandAloneTest -->
