<?xml version="1.0" encoding="UTF-8"?>
<!-- Generated by org.testng.reporters.JUnitReportReporter -->
<testsuite hostname="sweetu" failures="0" tests="1" name="Selenium.MavenProject1.StandAloneTest" time="18.518" errors="0" timestamp="2025-02-06T22:14:20 IST" skipped="0">
  <testcase classname="Selenium.MavenProject1.StandAloneTest" name="submitOrder" time="18.518"/>
</testsuite> <!-- Selenium.MavenProject1.StandAloneTest -->
