<?xml version="1.0" encoding="UTF-8"?>
<!-- Generated by org.testng.reporters.JUnitReportReporter -->
<testsuite hostname="sweetu" failures="0" tests="2" name="Selenium.Tests.SubmitOrderTest" time="23.627" errors="0" timestamp="2025-02-11T11:14:58 IST" skipped="0">
  <testcase classname="Selenium.Tests.SubmitOrderTest" name="submitOrder" time="17.039"/>
  <testcase classname="Selenium.Tests.SubmitOrderTest" name="orderHistoryTest" time="6.588"/>
</testsuite> <!-- Selenium.Tests.SubmitOrderTest -->
