<?xml version="1.0" encoding="UTF-8"?>
<!-- Generated by org.testng.reporters.JUnitReportReporter -->
<testsuite hostname="sweetu" failures="0" tests="1" name="Selenium.Tests.ErrorValidationTest" time="4.565" errors="0" timestamp="2025-02-10T22:19:45 IST" skipped="0">
  <testcase classname="Selenium.Tests.ErrorValidationTest" name="submitOrder" time="4.565"/>
</testsuite> <!-- Selenium.Tests.ErrorValidationTest -->
