<?xml version="1.0" encoding="UTF-8"?>
<!-- Generated by org.testng.reporters.JUnitReportReporter -->
<testsuite hostname="sweetu" failures="0" tests="1" name="Selenium.MavenProject1.ErrorValidationTest" time="7.255" errors="0" timestamp="2025-02-10T20:41:58 IST" skipped="0">
  <testcase classname="Selenium.MavenProject1.ErrorValidationTest" name="submitOrder" time="7.255"/>
</testsuite> <!-- Selenium.MavenProject1.ErrorValidationTest -->
