<?xml version="1.0" encoding="UTF-8"?>
<!-- Generated by org.testng.reporters.JUnitReportReporter -->
<testsuite hostname="sweetu" failures="0" tests="1" name="Selenium.Tests.ErrorValidationTest" time="6.097" errors="0" timestamp="2025-02-11T11:14:58 IST" skipped="0">
  <testcase classname="Selenium.Tests.ErrorValidationTest" name="submitOrder" time="6.097"/>
</testsuite> <!-- Selenium.Tests.ErrorValidationTest -->
