<?xml version="1.0" encoding="UTF-8"?>
<!-- Generated by org.testng.reporters.JUnitReportReporter -->
<testsuite hostname="sweetu" failures="0" tests="1" name="Selenium.Tests.ErrorValidationTest" time="4.695" errors="0" timestamp="2025-02-11T20:51:50 IST" skipped="0">
  <testcase classname="Selenium.Tests.ErrorValidationTest" name="submitOrder" time="4.695"/>
</testsuite> <!-- Selenium.Tests.ErrorValidationTest -->
