<?xml version="1.0" encoding="UTF-8"?>
<!-- Generated by org.testng.reporters.JUnitReportReporter -->
<testsuite hostname="sweetu" failures="0" tests="1" name="Selenium.Tests.StandAloneTest" time="21.832" errors="0" timestamp="2025-02-20T08:47:09 IST" skipped="0">
  <testcase classname="Selenium.Tests.StandAloneTest" name="submitOrder" time="21.832"/>
</testsuite> <!-- Selenium.Tests.StandAloneTest -->
