<?xml version="1.0" encoding="UTF-8"?>
<!-- Generated by org.testng.reporters.JUnitReportReporter -->
<testsuite hostname="sweetu" failures="0" tests="2" name="Selenium.Tests.SubmitOrderTest" time="22.817" errors="0" timestamp="2025-02-11T09:01:57 IST" skipped="0">
  <testcase classname="Selenium.Tests.SubmitOrderTest" name="orderHistoryTest" time="2.477"/>
  <testcase classname="Selenium.Tests.SubmitOrderTest" name="submitOrder" time="20.340"/>
</testsuite> <!-- Selenium.Tests.SubmitOrderTest -->
